--------------------------------------------------------------------------------
Release 14.7 Trace  (nt64)
Copyright (c) 1995-2013 Xilinx, Inc.  All rights reserved.

C:\Xilinx\14.7\ISE_DS\ISE\bin\nt64\unwrapped\trce.exe -intstyle ise -o
mojo_top_0.twr -v 30 -l 30 mojo_top_0_routed.ncd mojo_top_0.pcf

Design file:              mojo_top_0_routed.ncd
Physical constraint file: mojo_top_0.pcf
Device,package,speed:     xc6slx9,tqg144,C,-2 (PRODUCTION 1.23 2013-10-13)
Report level:             verbose report, limited to 30 items per constraint

Environment Variable      Effect 
--------------------      ------ 
NONE                      No environment variables were set
--------------------------------------------------------------------------------

INFO:Timing:2698 - No timing constraints found, doing default enumeration.
INFO:Timing:3412 - To improve timing, see the Timing Closure User Guide (UG612).
INFO:Timing:2752 - To get complete path coverage, use the unconstrained paths 
   option. All paths that are not constrained will be reported in the 
   unconstrained paths section(s) of the report.
INFO:Timing:3339 - The clock-to-out numbers in this timing report are based on 
   a 50 Ohm transmission line loading model.  For the details of this model, 
   and for more information on accounting for different loading conditions, 
   please see the device datasheet.



Data Sheet report:
-----------------
All values displayed in nanoseconds (ns)

Pad to Pad
---------------+---------------+---------+
Source Pad     |Destination Pad|  Delay  |
---------------+---------------+---------+
io_dip[0]      |io_led[0]      |   13.854|
io_dip[0]      |io_led[1]      |   13.287|
io_dip[0]      |io_led[2]      |   13.898|
io_dip[0]      |io_led[3]      |   14.074|
io_dip[0]      |io_led[4]      |   13.146|
io_dip[0]      |io_led[5]      |   12.956|
io_dip[0]      |io_led[6]      |   14.089|
io_dip[0]      |io_led[7]      |   14.117|
io_dip[1]      |io_led[0]      |   13.915|
io_dip[1]      |io_led[1]      |   13.915|
io_dip[1]      |io_led[2]      |   14.185|
io_dip[1]      |io_led[3]      |   14.427|
io_dip[1]      |io_led[4]      |   13.709|
io_dip[1]      |io_led[5]      |   13.692|
io_dip[1]      |io_led[6]      |   13.436|
io_dip[1]      |io_led[7]      |   14.536|
io_dip[2]      |io_led[0]      |   14.136|
io_dip[2]      |io_led[1]      |   12.709|
io_dip[2]      |io_led[2]      |   13.586|
io_dip[2]      |io_led[3]      |   13.121|
io_dip[2]      |io_led[4]      |   12.846|
io_dip[2]      |io_led[5]      |   13.226|
io_dip[2]      |io_led[6]      |   13.318|
io_dip[2]      |io_led[7]      |   13.931|
io_dip[3]      |io_led[0]      |   13.331|
io_dip[3]      |io_led[1]      |   12.982|
io_dip[3]      |io_led[2]      |   13.356|
io_dip[3]      |io_led[3]      |   12.831|
io_dip[3]      |io_led[4]      |   13.221|
io_dip[3]      |io_led[5]      |   13.902|
io_dip[3]      |io_led[6]      |   14.090|
io_dip[3]      |io_led[7]      |   13.126|
io_dip[4]      |io_led[0]      |   13.433|
io_dip[4]      |io_led[1]      |   13.500|
io_dip[4]      |io_led[2]      |   13.874|
io_dip[4]      |io_led[3]      |   13.349|
io_dip[4]      |io_led[4]      |   13.739|
io_dip[4]      |io_led[5]      |   14.420|
io_dip[4]      |io_led[6]      |   14.608|
io_dip[4]      |io_led[7]      |   13.626|
io_dip[5]      |io_led[0]      |   13.066|
io_dip[5]      |io_led[1]      |   13.133|
io_dip[5]      |io_led[2]      |   13.507|
io_dip[5]      |io_led[3]      |   12.982|
io_dip[5]      |io_led[4]      |   13.372|
io_dip[5]      |io_led[5]      |   14.053|
io_dip[5]      |io_led[6]      |   14.241|
io_dip[5]      |io_led[7]      |   13.259|
io_dip[6]      |io_led[0]      |   13.474|
io_dip[6]      |io_led[1]      |   13.541|
io_dip[6]      |io_led[2]      |   13.915|
io_dip[6]      |io_led[3]      |   13.390|
io_dip[6]      |io_led[4]      |   13.780|
io_dip[6]      |io_led[5]      |   14.461|
io_dip[6]      |io_led[6]      |   14.649|
io_dip[6]      |io_led[7]      |   13.667|
io_dip[7]      |io_led[0]      |   12.783|
io_dip[7]      |io_led[1]      |   12.850|
io_dip[7]      |io_led[2]      |   13.224|
io_dip[7]      |io_led[3]      |   12.699|
io_dip[7]      |io_led[4]      |   13.089|
io_dip[7]      |io_led[5]      |   13.770|
io_dip[7]      |io_led[6]      |   13.958|
io_dip[7]      |io_led[7]      |   12.976|
io_dip[8]      |io_led[0]      |   13.298|
io_dip[8]      |io_led[1]      |   11.712|
io_dip[8]      |io_led[2]      |   13.010|
io_dip[8]      |io_led[3]      |   13.252|
io_dip[8]      |io_led[4]      |   12.031|
io_dip[8]      |io_led[5]      |   12.632|
io_dip[8]      |io_led[6]      |   12.480|
io_dip[8]      |io_led[7]      |   13.361|
io_dip[9]      |io_led[0]      |   13.307|
io_dip[9]      |io_led[1]      |   12.858|
io_dip[9]      |io_led[2]      |   13.356|
io_dip[9]      |io_led[3]      |   13.629|
io_dip[9]      |io_led[4]      |   12.575|
io_dip[9]      |io_led[5]      |   12.713|
io_dip[9]      |io_led[6]      |   12.607|
io_dip[9]      |io_led[7]      |   13.219|
io_dip[10]     |io_led[0]      |   13.305|
io_dip[10]     |io_led[1]      |   13.231|
io_dip[10]     |io_led[2]      |   13.315|
io_dip[10]     |io_led[3]      |   13.557|
io_dip[10]     |io_led[4]      |   12.093|
io_dip[10]     |io_led[5]      |   13.008|
io_dip[10]     |io_led[6]      |   12.566|
io_dip[10]     |io_led[7]      |   13.666|
io_dip[11]     |io_led[0]      |   13.180|
io_dip[11]     |io_led[1]      |   12.438|
io_dip[11]     |io_led[2]      |   12.935|
io_dip[11]     |io_led[3]      |   13.457|
io_dip[11]     |io_led[4]      |   12.403|
io_dip[11]     |io_led[5]      |   12.907|
io_dip[11]     |io_led[6]      |   12.733|
io_dip[11]     |io_led[7]      |   13.351|
io_dip[12]     |io_led[0]      |   12.913|
io_dip[12]     |io_led[1]      |   13.094|
io_dip[12]     |io_led[2]      |   12.772|
io_dip[12]     |io_led[3]      |   12.470|
io_dip[12]     |io_led[4]      |   12.214|
io_dip[12]     |io_led[5]      |   12.871|
io_dip[12]     |io_led[6]      |   12.220|
io_dip[12]     |io_led[7]      |   12.799|
io_dip[13]     |io_led[0]      |   13.271|
io_dip[13]     |io_led[1]      |   12.126|
io_dip[13]     |io_led[2]      |   12.504|
io_dip[13]     |io_led[3]      |   12.913|
io_dip[13]     |io_led[4]      |   12.969|
io_dip[13]     |io_led[5]      |   12.757|
io_dip[13]     |io_led[6]      |   12.453|
io_dip[13]     |io_led[7]      |   13.097|
io_dip[14]     |io_led[0]      |   12.877|
io_dip[14]     |io_led[1]      |   12.276|
io_dip[14]     |io_led[2]      |   12.307|
io_dip[14]     |io_led[3]      |   13.063|
io_dip[14]     |io_led[4]      |   12.588|
io_dip[14]     |io_led[5]      |   12.305|
io_dip[14]     |io_led[6]      |   12.914|
io_dip[14]     |io_led[7]      |   12.696|
io_dip[15]     |io_led[0]      |   12.865|
io_dip[15]     |io_led[1]      |   11.744|
io_dip[15]     |io_led[2]      |   13.233|
io_dip[15]     |io_led[3]      |   13.215|
io_dip[15]     |io_led[4]      |   12.659|
io_dip[15]     |io_led[5]      |   12.456|
io_dip[15]     |io_led[6]      |   13.051|
io_dip[15]     |io_led[7]      |   13.367|
io_dip[16]     |io_led[0]      |   15.646|
io_dip[16]     |io_led[1]      |   14.017|
io_dip[16]     |io_led[2]      |   15.065|
io_dip[16]     |io_led[3]      |   14.619|
io_dip[16]     |io_led[4]      |   14.356|
io_dip[16]     |io_led[5]      |   15.282|
io_dip[16]     |io_led[6]      |   14.828|
io_dip[16]     |io_led[7]      |   15.441|
io_dip[17]     |io_led[0]      |   14.376|
io_dip[17]     |io_led[1]      |   14.443|
io_dip[17]     |io_led[2]      |   14.220|
io_dip[17]     |io_led[3]      |   13.571|
io_dip[17]     |io_led[4]      |   14.369|
io_dip[17]     |io_led[5]      |   15.363|
io_dip[17]     |io_led[6]      |   15.185|
io_dip[17]     |io_led[7]      |   13.052|
io_dip[18]     |io_led[0]      |   13.922|
io_dip[18]     |io_led[1]      |   13.488|
io_dip[18]     |io_led[2]      |   14.092|
io_dip[18]     |io_led[3]      |   13.876|
io_dip[18]     |io_led[4]      |   14.352|
io_dip[18]     |io_led[5]      |   13.110|
io_dip[18]     |io_led[6]      |   13.704|
io_dip[18]     |io_led[7]      |   13.979|
io_dip[19]     |io_led[0]      |   12.515|
io_dip[19]     |io_led[1]      |   13.033|
io_dip[19]     |io_led[2]      |   13.151|
io_dip[19]     |io_led[3]      |   13.431|
io_dip[19]     |io_led[4]      |   13.601|
io_dip[19]     |io_led[5]      |   13.054|
io_dip[19]     |io_led[6]      |   13.342|
io_dip[19]     |io_led[7]      |   13.245|
io_dip[20]     |io_led[0]      |   12.849|
io_dip[20]     |io_led[1]      |   12.839|
io_dip[20]     |io_led[2]      |   13.407|
io_dip[20]     |io_led[3]      |   13.328|
io_dip[20]     |io_led[4]      |   13.474|
io_dip[20]     |io_led[5]      |   12.595|
io_dip[20]     |io_led[6]      |   13.076|
io_dip[20]     |io_led[7]      |   13.027|
io_dip[21]     |io_led[0]      |   13.079|
io_dip[21]     |io_led[1]      |   12.887|
io_dip[21]     |io_led[2]      |   12.694|
io_dip[21]     |io_led[3]      |   12.980|
io_dip[21]     |io_led[4]      |   13.235|
io_dip[21]     |io_led[5]      |   11.869|
io_dip[21]     |io_led[6]      |   12.689|
io_dip[21]     |io_led[7]      |   12.467|
---------------+---------------+---------+


Analysis completed Wed Oct 19 14:35:38 2016 
--------------------------------------------------------------------------------

Trace Settings:
-------------------------
Trace Settings 

Peak Memory Usage: 213 MB



