
*** Running xst
    with args -ifn "mojo_top_0.xst" -ofn "mojo_top_0.srp" -intstyle ise

Reading design: mojo_top_0.prj

=========================================================================
*                          HDL Parsing                                  *
=========================================================================
Analyzing Verilog file "C:/Users/Aftershock PC/Desktop/Github/50.002-Computation-Structure/1D/Checkoff1/8bit ALU/work/planAhead/8bit ALU/8bit ALU.srcs/sources_1/imports/verilog/shifter_4.v" into library work
Parsing module <shifter_4>.
Analyzing Verilog file "C:/Users/Aftershock PC/Desktop/Github/50.002-Computation-Structure/1D/Checkoff1/8bit ALU/work/planAhead/8bit ALU/8bit ALU.srcs/sources_1/imports/verilog/reset_conditioner_1.v" into library work
Parsing module <reset_conditioner_1>.
Analyzing Verilog file "C:/Users/Aftershock PC/Desktop/Github/50.002-Computation-Structure/1D/Checkoff1/8bit ALU/work/planAhead/8bit ALU/8bit ALU.srcs/sources_1/imports/verilog/multiply_6.v" into library work
Parsing module <multiply_6>.
Analyzing Verilog file "C:/Users/Aftershock PC/Desktop/Github/50.002-Computation-Structure/1D/Checkoff1/8bit ALU/work/planAhead/8bit ALU/8bit ALU.srcs/sources_1/imports/verilog/comparer_3.v" into library work
Parsing module <comparer_3>.
Analyzing Verilog file "C:/Users/Aftershock PC/Desktop/Github/50.002-Computation-Structure/1D/Checkoff1/8bit ALU/work/planAhead/8bit ALU/8bit ALU.srcs/sources_1/imports/verilog/boolean_5.v" into library work
Parsing module <boolean_5>.
Analyzing Verilog file "C:/Users/Aftershock PC/Desktop/Github/50.002-Computation-Structure/1D/Checkoff1/8bit ALU/work/planAhead/8bit ALU/8bit ALU.srcs/sources_1/imports/verilog/adder_2.v" into library work
Parsing module <adder_2>.
Analyzing Verilog file "C:/Users/Aftershock PC/Desktop/Github/50.002-Computation-Structure/1D/Checkoff1/8bit ALU/work/planAhead/8bit ALU/8bit ALU.srcs/sources_1/imports/verilog/mojo_top_0.v" into library work
Parsing module <mojo_top_0>.

=========================================================================
*                            HDL Elaboration                            *
=========================================================================

Elaborating module <mojo_top_0>.

Elaborating module <reset_conditioner_1>.

Elaborating module <adder_2>.

Elaborating module <comparer_3>.

Elaborating module <shifter_4>.

Elaborating module <boolean_5>.

Elaborating module <multiply_6>.
WARNING:HDLCompiler:1127 - "C:/Users/Aftershock PC/Desktop/Github/50.002-Computation-Structure/1D/Checkoff1/8bit ALU/work/planAhead/8bit ALU/8bit ALU.srcs/sources_1/imports/verilog/mojo_top_0.v" Line 104: Assignment to rst ignored, since the identifier is never used
WARNING:Xst:2972 - "C:/Users/Aftershock PC/Desktop/Github/50.002-Computation-Structure/1D/Checkoff1/8bit ALU/work/planAhead/8bit ALU/8bit ALU.srcs/sources_1/imports/verilog/mojo_top_0.v" line 33. All outputs of instance <reset_cond> of block <reset_conditioner_1> are unconnected in block <mojo_top_0>. Underlying logic will be removed.

=========================================================================
*                           HDL Synthesis                               *
=========================================================================

Synthesizing Unit <mojo_top_0>.
    Related source file is "C:/Users/Aftershock PC/Desktop/Github/50.002-Computation-Structure/1D/Checkoff1/8bit ALU/work/planAhead/8bit ALU/8bit ALU.srcs/sources_1/imports/verilog/mojo_top_0.v".
WARNING:Xst:647 - Input <io_button> is never used. This port will be preserved and left unconnected if it belongs to a top-level block or it belongs to a sub-block and the hierarchy of this sub-block is preserved.
WARNING:Xst:647 - Input <io_dip<23:23>> is never used. This port will be preserved and left unconnected if it belongs to a top-level block or it belongs to a sub-block and the hierarchy of this sub-block is preserved.
WARNING:Xst:647 - Input <cclk> is never used. This port will be preserved and left unconnected if it belongs to a top-level block or it belongs to a sub-block and the hierarchy of this sub-block is preserved.
WARNING:Xst:647 - Input <spi_ss> is never used. This port will be preserved and left unconnected if it belongs to a top-level block or it belongs to a sub-block and the hierarchy of this sub-block is preserved.
WARNING:Xst:647 - Input <spi_mosi> is never used. This port will be preserved and left unconnected if it belongs to a top-level block or it belongs to a sub-block and the hierarchy of this sub-block is preserved.
WARNING:Xst:647 - Input <spi_sck> is never used. This port will be preserved and left unconnected if it belongs to a top-level block or it belongs to a sub-block and the hierarchy of this sub-block is preserved.
WARNING:Xst:647 - Input <avr_tx> is never used. This port will be preserved and left unconnected if it belongs to a top-level block or it belongs to a sub-block and the hierarchy of this sub-block is preserved.
WARNING:Xst:647 - Input <avr_rx_busy> is never used. This port will be preserved and left unconnected if it belongs to a top-level block or it belongs to a sub-block and the hierarchy of this sub-block is preserved.
INFO:Xst:3210 - "C:/Users/Aftershock PC/Desktop/Github/50.002-Computation-Structure/1D/Checkoff1/8bit ALU/work/planAhead/8bit ALU/8bit ALU.srcs/sources_1/imports/verilog/mojo_top_0.v" line 33: Output port <out> of the instance <reset_cond> is unconnected or connected to loadless signal.
    Found 24-bit 7-to-1 multiplexer for signal <io_led> created at line 132.
    Found 1-bit tristate buffer for signal <spi_miso> created at line 104
    Found 1-bit tristate buffer for signal <spi_channel<3>> created at line 104
    Found 1-bit tristate buffer for signal <spi_channel<2>> created at line 104
    Found 1-bit tristate buffer for signal <spi_channel<1>> created at line 104
    Found 1-bit tristate buffer for signal <spi_channel<0>> created at line 104
    Found 1-bit tristate buffer for signal <avr_rx> created at line 104
    Summary:
	inferred   1 Multiplexer(s).
	inferred   6 Tristate(s).
Unit <mojo_top_0> synthesized.

Synthesizing Unit <adder_2>.
    Related source file is "C:/Users/Aftershock PC/Desktop/Github/50.002-Computation-Structure/1D/Checkoff1/8bit ALU/work/planAhead/8bit ALU/8bit ALU.srcs/sources_1/imports/verilog/adder_2.v".
    Found 8-bit subtractor for signal <a[7]_b[7]_sub_1_OUT> created at line 25.
    Found 8-bit adder for signal <a[7]_b[7]_add_1_OUT> created at line 27.
    Summary:
	inferred   1 Adder/Subtractor(s).
Unit <adder_2> synthesized.

Synthesizing Unit <comparer_3>.
    Related source file is "C:/Users/Aftershock PC/Desktop/Github/50.002-Computation-Structure/1D/Checkoff1/8bit ALU/work/planAhead/8bit ALU/8bit ALU.srcs/sources_1/imports/verilog/comparer_3.v".
    Summary:
	inferred   3 Multiplexer(s).
Unit <comparer_3> synthesized.

Synthesizing Unit <shifter_4>.
    Related source file is "C:/Users/Aftershock PC/Desktop/Github/50.002-Computation-Structure/1D/Checkoff1/8bit ALU/work/planAhead/8bit ALU/8bit ALU.srcs/sources_1/imports/verilog/shifter_4.v".
    Found 8-bit shifter logical left for signal <a[7]_b[7]_shift_left_0_OUT> created at line 21
    Found 8-bit shifter logical right for signal <a[7]_b[7]_shift_right_1_OUT> created at line 24
    Found 8-bit shifter arithmetic right for signal <a[7]_b[7]_shift_right_2_OUT> created at line 27
    Found 8-bit 4-to-1 multiplexer for signal <op> created at line 19.
    Summary:
	inferred   4 Multiplexer(s).
	inferred   3 Combinational logic shifter(s).
Unit <shifter_4> synthesized.

Synthesizing Unit <boolean_5>.
    Related source file is "C:/Users/Aftershock PC/Desktop/Github/50.002-Computation-Structure/1D/Checkoff1/8bit ALU/work/planAhead/8bit ALU/8bit ALU.srcs/sources_1/imports/verilog/boolean_5.v".
    Found 8-bit 4-to-1 multiplexer for signal <op> created at line 26.
    Found 1-bit 4-to-1 multiplexer for signal <op<1>> created at line 26.
    Found 1-bit 4-to-1 multiplexer for signal <op<2>> created at line 26.
    Found 1-bit 4-to-1 multiplexer for signal <op<3>> created at line 26.
    Found 1-bit 4-to-1 multiplexer for signal <op<4>> created at line 26.
    Found 1-bit 4-to-1 multiplexer for signal <op<5>> created at line 26.
    Found 1-bit 4-to-1 multiplexer for signal <op<6>> created at line 26.
    Found 1-bit 4-to-1 multiplexer for signal <op<7>> created at line 26.
    Summary:
	inferred   8 Multiplexer(s).
Unit <boolean_5> synthesized.

Synthesizing Unit <multiply_6>.
    Related source file is "C:/Users/Aftershock PC/Desktop/Github/50.002-Computation-Structure/1D/Checkoff1/8bit ALU/work/planAhead/8bit ALU/8bit ALU.srcs/sources_1/imports/verilog/multiply_6.v".
    Found 8x8-bit multiplier for signal <a[7]_b[7]_MuLt_0_OUT> created at line 20.
    Summary:
	inferred   1 Multiplier(s).
	inferred   1 Multiplexer(s).
Unit <multiply_6> synthesized.

Synthesizing Unit <div_8u_8u>.
    Related source file is "".
    Found 16-bit adder for signal <n0292> created at line 0.
    Found 16-bit adder for signal <GND_11_o_b[7]_add_1_OUT> created at line 0.
    Found 15-bit adder for signal <n0296> created at line 0.
    Found 15-bit adder for signal <GND_11_o_b[7]_add_3_OUT> created at line 0.
    Found 14-bit adder for signal <n0300> created at line 0.
    Found 14-bit adder for signal <GND_11_o_b[7]_add_5_OUT> created at line 0.
    Found 13-bit adder for signal <n0304> created at line 0.
    Found 13-bit adder for signal <GND_11_o_b[7]_add_7_OUT> created at line 0.
    Found 12-bit adder for signal <n0308> created at line 0.
    Found 12-bit adder for signal <GND_11_o_b[7]_add_9_OUT> created at line 0.
    Found 11-bit adder for signal <n0312> created at line 0.
    Found 11-bit adder for signal <GND_11_o_b[7]_add_11_OUT> created at line 0.
    Found 10-bit adder for signal <n0316> created at line 0.
    Found 10-bit adder for signal <GND_11_o_b[7]_add_13_OUT> created at line 0.
    Found 9-bit adder for signal <n0320> created at line 0.
    Found 9-bit adder for signal <GND_11_o_b[7]_add_15_OUT> created at line 0.
    Found 16-bit comparator lessequal for signal <BUS_0001> created at line 0
    Found 15-bit comparator lessequal for signal <BUS_0002> created at line 0
    Found 14-bit comparator lessequal for signal <BUS_0003> created at line 0
    Found 13-bit comparator lessequal for signal <BUS_0004> created at line 0
    Found 12-bit comparator lessequal for signal <BUS_0005> created at line 0
    Found 11-bit comparator lessequal for signal <BUS_0006> created at line 0
    Found 10-bit comparator lessequal for signal <BUS_0007> created at line 0
    Found 9-bit comparator lessequal for signal <BUS_0008> created at line 0
    Found 8-bit comparator lessequal for signal <BUS_0009> created at line 0
    Summary:
	inferred  16 Adder/Subtractor(s).
	inferred   9 Comparator(s).
	inferred  57 Multiplexer(s).
Unit <div_8u_8u> synthesized.

=========================================================================
HDL Synthesis Report

Macro Statistics
# Multipliers                                          : 1
 8x8-bit multiplier                                    : 1
# Adders/Subtractors                                   : 17
 10-bit adder                                          : 2
 11-bit adder                                          : 2
 12-bit adder                                          : 2
 13-bit adder                                          : 2
 14-bit adder                                          : 2
 15-bit adder                                          : 2
 16-bit adder                                          : 2
 8-bit addsub                                          : 1
 9-bit adder                                           : 2
# Comparators                                          : 9
 10-bit comparator lessequal                           : 1
 11-bit comparator lessequal                           : 1
 12-bit comparator lessequal                           : 1
 13-bit comparator lessequal                           : 1
 14-bit comparator lessequal                           : 1
 15-bit comparator lessequal                           : 1
 16-bit comparator lessequal                           : 1
 8-bit comparator lessequal                            : 1
 9-bit comparator lessequal                            : 1
# Multiplexers                                         : 74
 1-bit 2-to-1 multiplexer                              : 56
 1-bit 4-to-1 multiplexer                              : 7
 16-bit 2-to-1 multiplexer                             : 1
 24-bit 7-to-1 multiplexer                             : 1
 8-bit 2-to-1 multiplexer                              : 7
 8-bit 4-to-1 multiplexer                              : 2
# Logic shifters                                       : 3
 8-bit shifter arithmetic right                        : 1
 8-bit shifter logical left                            : 1
 8-bit shifter logical right                           : 1
# Tristates                                            : 6
 1-bit tristate buffer                                 : 6
# Xors                                                 : 2
 1-bit xor2                                            : 2

=========================================================================

=========================================================================
*                       Advanced HDL Synthesis                          *
=========================================================================


=========================================================================
Advanced HDL Synthesis Report

Macro Statistics
# Multipliers                                          : 1
 8x8-bit multiplier                                    : 1
# Adders/Subtractors                                   : 9
 8-bit adder carry in                                  : 8
 8-bit addsub                                          : 1
# Comparators                                          : 9
 10-bit comparator lessequal                           : 1
 11-bit comparator lessequal                           : 1
 12-bit comparator lessequal                           : 1
 13-bit comparator lessequal                           : 1
 14-bit comparator lessequal                           : 1
 15-bit comparator lessequal                           : 1
 16-bit comparator lessequal                           : 1
 8-bit comparator lessequal                            : 1
 9-bit comparator lessequal                            : 1
# Multiplexers                                         : 74
 1-bit 2-to-1 multiplexer                              : 56
 1-bit 4-to-1 multiplexer                              : 7
 16-bit 2-to-1 multiplexer                             : 1
 24-bit 7-to-1 multiplexer                             : 1
 8-bit 2-to-1 multiplexer                              : 7
 8-bit 4-to-1 multiplexer                              : 2
# Logic shifters                                       : 3
 8-bit shifter arithmetic right                        : 1
 8-bit shifter logical left                            : 1
 8-bit shifter logical right                           : 1
# Xors                                                 : 2
 1-bit xor2                                            : 2

=========================================================================

=========================================================================
*                         Low Level Synthesis                           *
=========================================================================

Optimizing unit <mojo_top_0> ...

Optimizing unit <div_8u_8u> ...

Mapping all equations...
Building and optimizing final netlist ...
Found area constraint ratio of 100 (+ 0) on block mojo_top_0, actual ratio is 4.

Final Macro Processing ...

=========================================================================
Final Register Report

Found no macro
=========================================================================

=========================================================================
*                           Partition Report                            *
=========================================================================

Partition Implementation Status
-------------------------------

  No Partitions were found in this design.

-------------------------------

=========================================================================
*                            Design Summary                             *
=========================================================================

Clock Information:
------------------
No clock signals found in this design

Asynchronous Control Signals Information:
----------------------------------------
No asynchronous control signals found in this design

Timing Summary:
---------------
Speed Grade: -2

   Minimum period: No path found
   Minimum input arrival time before clock: No path found
   Maximum output required time after clock: No path found
   Maximum combinational path delay: 34.554ns

=========================================================================
